<?xml version="1.0" encoding="UTF-8"?>
<robot generator="Robot 4.1.3 (Python 3.10.2 on win32)" generated="20220610 20:42:54.968" rpa="false" schemaversion="2">
<suite id="s1" name="03 AddItem" source="C:\Users\mmarmule\PycharmProjects\Robot\Test_cases\03_AddItem.robot">
<test id="s1-t1" name="Add items to cart">
<kw name="Open shop main page" library="LoginPageNewUser">
<kw name="Open Browser" library="SeleniumLibrary">
<arg>${shopurl}</arg>
<arg>${browser}</arg>
<doc>Opens a new browser instance to the optional ``url``.</doc>
<msg timestamp="20220610 20:42:55.266" level="INFO">Opening browser 'Chrome' to base url 'http://automationpractice.com/index.php'.</msg>
<status status="PASS" starttime="20220610 20:42:55.266" endtime="20220610 20:43:01.040"/>
</kw>
<kw name="Maximize Browser Window" library="SeleniumLibrary">
<doc>Maximizes current browser window.</doc>
<status status="PASS" starttime="20220610 20:43:01.040" endtime="20220610 20:43:01.168"/>
</kw>
<status status="PASS" starttime="20220610 20:42:55.266" endtime="20220610 20:43:01.168"/>
</kw>
<kw name="Add to Cart" library="BuyItem">
<kw name="Set Selenium Speed" library="SeleniumLibrary">
<arg>0.5</arg>
<doc>Sets the delay that is waited after each Selenium command.</doc>
<status status="PASS" starttime="20220610 20:43:01.168" endtime="20220610 20:43:01.168"/>
</kw>
<kw name="Click Element" library="SeleniumLibrary">
<arg>${dress_1}</arg>
<doc>Click the element identified by ``locator``.</doc>
<msg timestamp="20220610 20:43:01.168" level="INFO">Clicking element '//li[@class='ajax_block_product col-xs-12 col-sm-4 col-md-3 last-line first-item-of-tablet-line first-item-of-mobile-line last-mobile-line']//div[@class='product-container']//div[@class='right-block']//h5[@itemprop='name']//a[@class='product-name'][contains(text(),'Printed Chiffon Dress')]'.</msg>
<status status="PASS" starttime="20220610 20:43:01.168" endtime="20220610 20:43:05.269"/>
</kw>
<kw name="Wait Until Page Contains Element" library="SeleniumLibrary">
<arg>${add}</arg>
<doc>Waits until the element ``locator`` appears on the current page.</doc>
<status status="PASS" starttime="20220610 20:43:05.269" endtime="20220610 20:43:05.804"/>
</kw>
<kw name="Click Element" library="SeleniumLibrary">
<arg>${add}</arg>
<doc>Click the element identified by ``locator``.</doc>
<msg timestamp="20220610 20:43:05.804" level="INFO">Clicking element '//span[contains(text(),'Add to cart')]'.</msg>
<status status="PASS" starttime="20220610 20:43:05.804" endtime="20220610 20:43:06.855"/>
</kw>
<kw name="Select From List By Value" library="SeleniumLibrary">
<arg>${size}</arg>
<arg>2</arg>
<doc>Selects options from selection list ``locator`` by ``values``.</doc>
<msg timestamp="20220610 20:43:06.855" level="INFO">Selecting options from selection list 'id:group_1' by value 2.</msg>
<status status="PASS" starttime="20220610 20:43:06.855" endtime="20220610 20:43:10.487"/>
</kw>
<kw name="Wait Until Element Is Enabled" library="SeleniumLibrary">
<arg>${color1}</arg>
<doc>Waits until the element ``locator`` is enabled.</doc>
<status status="PASS" starttime="20220610 20:43:10.487" endtime="20220610 20:43:12.065"/>
</kw>
<kw name="Click Element" library="SeleniumLibrary">
<arg>${color1}</arg>
<doc>Click the element identified by ``locator``.</doc>
<msg timestamp="20220610 20:43:12.065" level="INFO">Clicking element 'id:color_16'.</msg>
<msg timestamp="20220610 20:43:14.371" level="INFO" html="true">&lt;/td&gt;&lt;/tr&gt;&lt;tr&gt;&lt;td colspan="3"&gt;&lt;a href="selenium-screenshot-7.png"&gt;&lt;img src="selenium-screenshot-7.png" width="800px"&gt;&lt;/a&gt;</msg>
<msg timestamp="20220610 20:43:14.491" level="FAIL">ElementClickInterceptedException: Message: element click intercepted: Element &lt;a href="http://automationpractice.com/index.php?id_product=7&amp;amp;controller=product" id="color_16" name="Yellow" class="color_pick selected" style="background:#F1C40F;" title="Yellow"&gt;...&lt;/a&gt; is not clickable at point (1328, 699). Other element would receive the click: &lt;div class="layer_cart_overlay" style="width: 100%; height: 100%; display: block;"&gt;&lt;/div&gt;
  (Session info: chrome=102.0.5005.63)
Stacktrace:
Backtrace:
	Ordinal0 [0x00E0B8F3+2406643]
	Ordinal0 [0x00D9AF31+1945393]
	Ordinal0 [0x00C8C748+837448]
	Ordinal0 [0x00CBFA1B+1047067]
	Ordinal0 [0x00CBD9F8+1038840]
	Ordinal0 [0x00CBB6DB+1029851]
	Ordinal0 [0x00CBA439+1025081]
	Ordinal0 [0x00CB0083+983171]
	Ordinal0 [0x00CD427C+1131132]
	Ordinal0 [0x00CAFA64+981604]
	Ordinal0 [0x00CD4494+1131668]
	Ordinal0 [0x00CE4682+1197698]
	Ordinal0 [0x00CD4096+1130646]
	Ordinal0 [0x00CAE636+976438]
	Ordinal0 [0x00CAF546+980294]
	GetHandleVerifier [0x01079612+2498066]
	GetHandleVerifier [0x0106C920+2445600]
	GetHandleVerifier [0x00EA4F2A+579370]
	GetHandleVerifier [0x00EA3D36+574774]
	Ordinal0 [0x00DA1C0B+1973259]
	Ordinal0 [0x00DA6688+1992328]
	Ordinal0 [0x00DA6775+1992565]
	Ordinal0 [0x00DAF8D1+2029777]
	BaseThreadInitThunk [0x76E06739+25]
	RtlGetFullPathName_UEx [0x77DF8FEF+1215]
	RtlGetFullPathName_UEx [0x77DF8FBD+1165]
</msg>
<status status="FAIL" starttime="20220610 20:43:12.065" endtime="20220610 20:43:14.491"/>
</kw>
<kw name="Wait Until Element Is Enabled" library="SeleniumLibrary">
<arg>${cart}</arg>
<doc>Waits until the element ``locator`` is enabled.</doc>
<status status="NOT RUN" starttime="20220610 20:43:14.491" endtime="20220610 20:43:14.491"/>
</kw>
<kw name="Click Element" library="SeleniumLibrary">
<arg>${cart}</arg>
<doc>Click the element identified by ``locator``.</doc>
<status status="NOT RUN" starttime="20220610 20:43:14.491" endtime="20220610 20:43:14.491"/>
</kw>
<kw name="Wait Until Element Is Enabled" library="SeleniumLibrary">
<arg>${continue}</arg>
<doc>Waits until the element ``locator`` is enabled.</doc>
<status status="NOT RUN" starttime="20220610 20:43:14.491" endtime="20220610 20:43:14.491"/>
</kw>
<kw name="Click Element" library="SeleniumLibrary">
<arg>//body[@id='product']/div[@id='page']/div[@class='header-container']/header[@id='header']/div/div[@class='container']/div[@class='row']/div[@id='layer_cart']/div[@class='clearfix']/div[@class='layer_cart_cart col-xs-12 col-md-6']/div[@class='button-container']/span[@class='continue btn btn-default button exclusive-medium']/span[1]</arg>
<doc>Click the element identified by ``locator``.</doc>
<status status="NOT RUN" starttime="20220610 20:43:14.491" endtime="20220610 20:43:14.491"/>
</kw>
<kw name="Click Element" library="SeleniumLibrary">
<arg>${main_page_return}</arg>
<doc>Click the element identified by ``locator``.</doc>
<status status="NOT RUN" starttime="20220610 20:43:14.491" endtime="20220610 20:43:14.491"/>
</kw>
<status status="FAIL" starttime="20220610 20:43:01.168" endtime="20220610 20:43:14.491"/>
</kw>
<kw name="Add next to Cart" library="BuyItem">
<status status="NOT RUN" starttime="20220610 20:43:14.491" endtime="20220610 20:43:14.491"/>
</kw>
<status status="FAIL" starttime="20220610 20:42:55.266" endtime="20220610 20:43:14.491">ElementClickInterceptedException: Message: element click intercepted: Element &lt;a href="http://automationpractice.com/index.php?id_product=7&amp;amp;controller=product" id="color_16" name="Yellow" class="color_pick selected" style="background:#F1C40F;" title="Yellow"&gt;...&lt;/a&gt; is not clickable at point (1328, 699). Other element would receive the click: &lt;div class="layer_cart_overlay" style="width: 100%; height: 100%; display: block;"&gt;&lt;/div&gt;
  (Session info: chrome=102.0.5005.63)
Stacktrace:
Backtrace:
	Ordinal0 [0x00E0B8F3+2406643]
	Ordinal0 [0x00D9AF31+1945393]
	Ordinal0 [0x00C8C748+837448]
	Ordinal0 [0x00CBFA1B+1047067]
	Ordinal0 [0x00CBD9F8+1038840]
	Ordinal0 [0x00CBB6DB+1029851]
	Ordinal0 [0x00CBA439+1025081]
	Ordinal0 [0x00CB0083+983171]
	Ordinal0 [0x00CD427C+1131132]
	Ordinal0 [0x00CAFA64+981604]
	Ordinal0 [0x00CD4494+1131668]
	Ordinal0 [0x00CE4682+1197698]
	Ordinal0 [0x00CD4096+1130646]
	Ordinal0 [0x00CAE636+976438]
	Ordinal0 [0x00CAF546+980294]
	GetHandleVerifier [0x01079612+2498066]
	GetHandleVerifier [0x0106C920+2445600]
	GetHandleVerifier [0x00EA4F2A+579370]
	GetHandleVerifier [0x00EA3D36+574774]
	Ordinal0 [0x00DA1C0B+1973259]
	Ordinal0 [0x00DA6688+1992328]
	Ordinal0 [0x00DA6775+1992565]
	Ordinal0 [0x00DAF8D1+2029777]
	BaseThreadInitThunk [0x76E06739+25]
	RtlGetFullPathName_UEx [0x77DF8FEF+1215]
	RtlGetFullPathName_UEx [0x77DF8FBD+1165]
</status>
</test>
<status status="FAIL" starttime="20220610 20:42:54.968" endtime="20220610 20:43:14.491"/>
</suite>
<statistics>
<total>
<stat pass="0" fail="1" skip="0">All Tests</stat>
</total>
<tag>
</tag>
<suite>
<stat pass="0" fail="1" skip="0" id="s1" name="03 AddItem">03 AddItem</stat>
</suite>
</statistics>
<errors>
</errors>
</robot>
